0 info it worked if it ends with ok
1 verbose cli [ 'node', '/usr/local/bin/npm', 'restart' ]
2 info using npm@1.1.62
3 info using node@v0.9.3-pre
4 verbose read json /var/www/v1_0/nodeAPI/package.json
5 warn package.json hellow_world@0.0.1 No README.md file found!
6 verbose run-script [ 'prerestart',
6 verbose run-script   'prestop',
6 verbose run-script   'stop',
6 verbose run-script   'poststop',
6 verbose run-script   'restart',
6 verbose run-script   'prestart',
6 verbose run-script   'start',
6 verbose run-script   'poststart',
6 verbose run-script   'postrestart' ]
7 info prerestart hellow_world@0.0.1
8 info prestop hellow_world@0.0.1
9 info stop hellow_world@0.0.1
10 info poststop hellow_world@0.0.1
11 info restart hellow_world@0.0.1
12 info prestart hellow_world@0.0.1
13 info start hellow_world@0.0.1
14 verbose unsafe-perm in lifecycle true
15 silly exec sh "-c" "node node.js"
16 silly sh,-c,node node.js,/var/www/v1_0/nodeAPI spawning
17 info hellow_world@0.0.1 Failed to exec start script
18 error hellow_world@0.0.1 start: `node node.js`
18 error `sh "-c" "node node.js"` failed with 1
19 error Failed at the hellow_world@0.0.1 start script.
19 error This is most likely a problem with the hellow_world package,
19 error not with npm itself.
19 error Tell the author that this fails on your system:
19 error     node node.js
19 error You can get their info via:
19 error     npm owner ls hellow_world
19 error There is likely additional logging output above.
20 error System Linux 2.6.32-31-server
21 error command "node" "/usr/local/bin/npm" "restart"
22 error cwd /var/www/v1_0/nodeAPI
23 error node -v v0.9.3-pre
24 error npm -v 1.1.62
25 error code ELIFECYCLE
26 verbose exit [ 1, true ]
